2025-07-02T22:35:45.176+07:00  INFO 2848 --- [order] [restartedMain] com.tamdao.order.OrderApplication        : Starting OrderApplication using Java 21.0.7 with PID 2848 (D:\Java Study\java-backend-learning\giai-doan-4-kien-thuc-backend\lesson-3-Network-REST-API-Design\order\order\build\classes\java\main started by tamda in D:\Java Study\java-backend-learning\giai-doan-4-kien-thuc-backend\lesson-3-Network-REST-API-Design\order\order)
2025-07-02T22:35:45.181+07:00  INFO 2848 --- [order] [restartedMain] com.tamdao.order.OrderApplication        : No active profile set, falling back to 1 default profile: "default"
2025-07-02T22:35:45.266+07:00  INFO 2848 --- [order] [restartedMain] .e.DevToolsPropertyDefaultsPostProcessor : Devtools property defaults active! Set 'spring.devtools.add-properties' to 'false' to disable
2025-07-02T22:35:45.267+07:00  INFO 2848 --- [order] [restartedMain] .e.DevToolsPropertyDefaultsPostProcessor : For additional web related logging consider setting the 'logging.level.web' property to 'DEBUG'
2025-07-02T22:35:46.516+07:00  INFO 2848 --- [order] [restartedMain] .s.d.r.c.RepositoryConfigurationDelegate : Bootstrapping Spring Data JPA repositories in DEFAULT mode.
2025-07-02T22:35:46.592+07:00  INFO 2848 --- [order] [restartedMain] .s.d.r.c.RepositoryConfigurationDelegate : Finished Spring Data repository scanning in 64 ms. Found 1 JPA repository interface.
2025-07-02T22:35:47.315+07:00  INFO 2848 --- [order] [restartedMain] o.s.b.w.embedded.tomcat.TomcatWebServer  : Tomcat initialized with port 8080 (http)
2025-07-02T22:35:47.340+07:00  INFO 2848 --- [order] [restartedMain] o.apache.catalina.core.StandardService   : Starting service [Tomcat]
2025-07-02T22:35:47.341+07:00  INFO 2848 --- [order] [restartedMain] o.apache.catalina.core.StandardEngine    : Starting Servlet engine: [Apache Tomcat/10.1.42]
2025-07-02T22:35:47.426+07:00  INFO 2848 --- [order] [restartedMain] o.a.c.c.C.[Tomcat].[localhost].[/]       : Initializing Spring embedded WebApplicationContext
2025-07-02T22:35:47.427+07:00  INFO 2848 --- [order] [restartedMain] w.s.c.ServletWebServerApplicationContext : Root WebApplicationContext: initialization completed in 2158 ms
2025-07-02T22:35:47.687+07:00  INFO 2848 --- [order] [restartedMain] o.hibernate.jpa.internal.util.LogHelper  : HHH000204: Processing PersistenceUnitInfo [name: default]
2025-07-02T22:35:47.774+07:00  INFO 2848 --- [order] [restartedMain] org.hibernate.Version                    : HHH000412: Hibernate ORM core version 6.6.18.Final
2025-07-02T22:35:47.821+07:00  INFO 2848 --- [order] [restartedMain] o.h.c.internal.RegionFactoryInitiator    : HHH000026: Second-level cache disabled
2025-07-02T22:35:48.270+07:00  INFO 2848 --- [order] [restartedMain] o.s.o.j.p.SpringPersistenceUnitInfo      : No LoadTimeWeaver setup: ignoring JPA class transformer
2025-07-02T22:35:48.316+07:00  INFO 2848 --- [order] [restartedMain] com.zaxxer.hikari.HikariDataSource       : HikariPool-1 - Starting...
2025-07-02T22:35:48.567+07:00  INFO 2848 --- [order] [restartedMain] com.zaxxer.hikari.pool.HikariPool        : HikariPool-1 - Added connection org.postgresql.jdbc.PgConnection@1a04c6ac
2025-07-02T22:35:48.569+07:00  INFO 2848 --- [order] [restartedMain] com.zaxxer.hikari.HikariDataSource       : HikariPool-1 - Start completed.
2025-07-02T22:35:48.692+07:00  INFO 2848 --- [order] [restartedMain] org.hibernate.orm.connections.pooling    : HHH10001005: Database info:
	Database JDBC URL [Connecting through datasource 'HikariDataSource (HikariPool-1)']
	Database driver: undefined/unknown
	Database version: 15.13
	Autocommit mode: undefined/unknown
	Isolation level: undefined/unknown
	Minimum pool size: undefined/unknown
	Maximum pool size: undefined/unknown
2025-07-02T22:35:49.912+07:00  INFO 2848 --- [order] [restartedMain] o.h.e.t.j.p.i.JtaPlatformInitiator       : HHH000489: No JTA platform available (set 'hibernate.transaction.jta.platform' to enable JTA platform integration)
2025-07-02T22:35:50.033+07:00  INFO 2848 --- [order] [restartedMain] j.LocalContainerEntityManagerFactoryBean : Initialized JPA EntityManagerFactory for persistence unit 'default'
2025-07-02T22:35:50.524+07:00  WARN 2848 --- [order] [restartedMain] JpaBaseConfiguration$JpaWebConfiguration : spring.jpa.open-in-view is enabled by default. Therefore, database queries may be performed during view rendering. Explicitly configure spring.jpa.open-in-view to disable this warning
2025-07-02T22:35:51.231+07:00  INFO 2848 --- [order] [restartedMain] o.s.b.d.a.OptionalLiveReloadServer       : LiveReload server is running on port 35729
2025-07-02T22:35:51.271+07:00  INFO 2848 --- [order] [restartedMain] o.s.b.w.embedded.tomcat.TomcatWebServer  : Tomcat started on port 8080 (http) with context path '/'
2025-07-02T22:35:51.281+07:00  INFO 2848 --- [order] [restartedMain] com.tamdao.order.OrderApplication        : Started OrderApplication in 6.854 seconds (process running for 7.522)
